<?xml version="1.0" encoding="UTF-8"?>
<testng-results ignored="0" total="1" passed="1" failed="0" skipped="0">
  <reporter-output>
  </reporter-output>
  <suite started-at="2021-05-28T00:59:17 EET" name="Default suite" finished-at="2021-05-28T00:59:55 EET" duration-ms="37535">
    <groups>
    </groups>
    <test started-at="2021-05-28T00:59:17 EET" name="Default test" finished-at="2021-05-28T00:59:55 EET" duration-ms="37535">
      <class name="php.travels.TestRgistrationPage">
        <test-method is-config="true" signature="openUrl()[pri:0, instance:php.travels.TestRgistrationPage@2bbf180e]" started-at="2021-05-28T00:59:17 EET" name="openUrl" finished-at="2021-05-28T00:59:47 EET" duration-ms="29954" status="PASS">
          <reporter-output>
          </reporter-output>
        </test-method> <!-- openUrl -->
        <test-method signature="regTest()[pri:0, instance:php.travels.TestRgistrationPage@2bbf180e]" started-at="2021-05-28T00:59:47 EET" name="regTest" finished-at="2021-05-28T00:59:55 EET" duration-ms="7394" status="PASS">
          <reporter-output>
          </reporter-output>
        </test-method> <!-- regTest -->
      </class> <!-- php.travels.TestRgistrationPage -->
    </test> <!-- Default test -->
  </suite> <!-- Default suite -->
</testng-results>
